<?xml version="1.0" encoding="UTF-8"?>
<testsuite name="User registration in Utest" tests="1" skipped="0" failures="1" errors="0" timestamp="2022-03-01T14:13:42" hostname="Carloss-MacBook-Air.local" time="0.276">
  <properties/>
  <testcase name="Registration process" classname="User registration in Utest" time="0.276">
    <failure message="io.cucumber.junit.UndefinedStepException: The step 'User wants to register' and 2 other step(s) are undefined.&#10;You can implement these steps using the snippet(s) below:&#10;&#10;@Given(&quot;User wants to register&quot;)&#10;public void userWantsToRegister() {&#10;    // Write code here that turns the phrase above into concrete actions&#10;    throw new io.cucumber.java.PendingException();&#10;}&#10;@When(&quot;Complete registration information&quot;)&#10;public void completeRegistrationInformation() {&#10;    // Write code here that turns the phrase above into concrete actions&#10;    throw new io.cucumber.java.PendingException();&#10;}&#10;@Then(&quot;Complete registration&quot;)&#10;public void completeRegistration() {&#10;    // Write code here that turns the phrase above into concrete actions&#10;    throw new io.cucumber.java.PendingException();&#10;}&#10;" type="io.cucumber.junit.UndefinedStepException">io.cucumber.junit.UndefinedStepException: The step 'User wants to register' and 2 other step(s) are undefined.
You can implement these steps using the snippet(s) below:

@Given(&quot;User wants to register&quot;)
public void userWantsToRegister() {
    // Write code here that turns the phrase above into concrete actions
    throw new io.cucumber.java.PendingException();
}
@When(&quot;Complete registration information&quot;)
public void completeRegistrationInformation() {
    // Write code here that turns the phrase above into concrete actions
    throw new io.cucumber.java.PendingException();
}
@Then(&quot;Complete registration&quot;)
public void completeRegistration() {
    // Write code here that turns the phrase above into concrete actions
    throw new io.cucumber.java.PendingException();
}

</failure>
  </testcase>
  <system-out><![CDATA[]]></system-out>
  <system-err><![CDATA[[Test worker] INFO io.cucumber.core.plugin.SerenityReporter - Running feature from file:///Users/carloslogol/IdeaProjects/co.com.choucair.utest_reto/src/test/resources/features/user_register.feature
[Test worker] INFO  - 
  _____   ___   ___   _____     ___   _____     _     ___   _____   ___   ___  
 |_   _| | __| / __| |_   _|   / __| |_   _|   /_\   | _ \ |_   _| | __| |   \ 
   | |   | _|  \__ \   | |     \__ \   | |    / _ \  |   /   | |   | _|  | |) |
   |_|   |___| |___/   |_|     |___/   |_|   /_/ \_\ |_|_\   |_|   |___| |___/ 

Registration process(user-registration-in-utest;registration-process)
--------------------------------------------------------------------------------
[Test worker] INFO  - 
  _____   ___   ___   _____     ___   ___   _  _   ___    ___   _  _    ___ 
 |_   _| | __| / __| |_   _|   | _ \ | __| | \| | |   \  |_ _| | \| |  / __|
   | |   | _|  \__ \   | |     |  _/ | _|  | .` | | |) |  | |  | .` | | (_ |
   |_|   |___| |___/   |_|     |_|   |___| |_|\_| |___/  |___| |_|\_|  \___|

Registration process
-----------------------------------------------------------------------------
]]></system-err>
</testsuite>
