<?xml version="1.0" encoding="UTF-8"?><testsuite errors="1" failures="0" name="User registration in Utest" skipped="0" tests="1" time="3.06" timestamp="2022-03-28 02:54:50"><testcase name="Registration process"><error message="Could not instantiate class org.openqa.selenium.chrome.ChromeDriver" type="net.thucydides.core.webdriver.DriverConfigurationError">Could not instantiate class org.openqa.selenium.chrome.ChromeDriver</error><system-err>Could not instantiate class org.openqa.selenium.chrome.ChromeDriver&#13;
co.com.choucair.utest_reto.tasks.OpenHomePageUtest.performAs(OpenPageUtest.java:24)&#13;
co.com.choucair.utest_reto.stepdefinitions.UtestStepDefinition.userWantsToRegister(UtestStepDefinition.java:30)&#13;
cucumber.runner.Runner.runPickle(Runner.java:80)&#13;
</system-err></testcase></testsuite>